<?xml version="1.0" encoding="UTF-8"?>
<testng-results skipped="0" failed="0" ignored="0" total="1" passed="1">
  <reporter-output>
  </reporter-output>
  <suite name="Default suite" duration-ms="9008" started-at="2022-05-12T15:35:40 IST" finished-at="2022-05-12T15:35:49 IST">
    <groups>
    </groups>
    <test name="Default test" duration-ms="9008" started-at="2022-05-12T15:35:40 IST" finished-at="2022-05-12T15:35:49 IST">
      <class name="testcases.TestCase1">
        <test-method status="PASS" signature="Setup()[pri:0, instance:testcases.TestCase1@4232c52b]" name="Setup" is-config="true" duration-ms="3316" started-at="2022-05-12T15:35:37 IST" finished-at="2022-05-12T15:35:40 IST">
          <reporter-output>
          </reporter-output>
        </test-method> <!-- Setup -->
        <test-method status="PASS" signature="search_test()[pri:0, instance:testcases.TestCase1@4232c52b]" name="search_test" duration-ms="8949" started-at="2022-05-12T15:35:40 IST" finished-at="2022-05-12T15:35:49 IST">
          <reporter-output>
          </reporter-output>
        </test-method> <!-- search_test -->
        <test-method status="PASS" signature="TearDown()[pri:0, instance:testcases.TestCase1@4232c52b]" name="TearDown" is-config="true" duration-ms="672" started-at="2022-05-12T15:35:49 IST" finished-at="2022-05-12T15:35:50 IST">
          <reporter-output>
          </reporter-output>
        </test-method> <!-- TearDown -->
      </class> <!-- testcases.TestCase1 -->
    </test> <!-- Default test -->
  </suite> <!-- Default suite -->
</testng-results>
